<?xml version="1.0" encoding="UTF-8"?>
<!-- Generated by org.testng.reporters.JUnitReportReporter -->
<testsuite hostname="DESKTOP-O0BC1J0" failures="0" tests="1" name="Execution01.CodeExceute" time="0.008" errors="0" timestamp="2024-09-12T20:26:04 IST" skipped="0">
  <testcase classname="Execution01.CodeExceute" name="test" time="0.008"/>
  <system-out/>
</testsuite> <!-- Execution01.CodeExceute -->
